<?xml version="1.0" encoding="UTF-8"?>
<!-- Generated by org.testng.reporters.JUnitXMLReporter -->
<testsuite hostname="TN1PFE-08" ignored="0" name="Test" tests="4" failures="4" timestamp="20 juil. 2020 16:09:01 GMT" time="0.082" errors="0">
  <testcase name="add" time="0.016" classname="com.CalculetteTest">
    <failure type="java.lang.NoSuchMethodError" message="org.testng.Assert.assertEquals(DD)V">
      <![CDATA[java.lang.NoSuchMethodError: org.testng.Assert.assertEquals(DD)V
	at com.CalculetteTest.add(CalculetteTest.java:9)
... Removed 29 stack frames]]>
    </failure>
  </testcase> <!-- add -->
  <testcase name="division" time="0.0" classname="com.CalculetteTest">
    <failure type="java.lang.NoSuchMethodError" message="org.testng.Assert.assertEquals(DD)V">
      <![CDATA[java.lang.NoSuchMethodError: org.testng.Assert.assertEquals(DD)V
	at com.CalculetteTest.division(CalculetteTest.java:24)
... Removed 29 stack frames]]>
    </failure>
  </testcase> <!-- division -->
  <testcase name="produit" time="0.0" classname="com.CalculetteTest">
    <failure type="java.lang.NoSuchMethodError" message="org.testng.Assert.assertEquals(DD)V">
      <![CDATA[java.lang.NoSuchMethodError: org.testng.Assert.assertEquals(DD)V
	at com.CalculetteTest.produit(CalculetteTest.java:14)
... Removed 29 stack frames]]>
    </failure>
  </testcase> <!-- produit -->
  <testcase name="soustraire" time="0.0" classname="com.CalculetteTest">
    <failure type="java.lang.NoSuchMethodError" message="org.testng.Assert.assertEquals(DD)V">
      <![CDATA[java.lang.NoSuchMethodError: org.testng.Assert.assertEquals(DD)V
	at com.CalculetteTest.soustraire(CalculetteTest.java:19)
... Removed 29 stack frames]]>
    </failure>
  </testcase> <!-- soustraire -->
</testsuite> <!-- Test -->
