<?xml version="1.0" encoding="UTF-8"?>
<testsuite xmlns:xsi="http://www.w3.org/2001/XMLSchema-instance" xsi:noNamespaceSchemaLocation="https://maven.apache.org/surefire/maven-surefire-plugin/xsd/surefire-test-report.xsd" name="TestSuite" time="2.408" tests="4" errors="0" skipped="0" failures="4">
  <properties>
[...]
</properties>
  <testcase name="add" classname="com.CalculetteTest" time="0.041">
    <failure message="org.testng.Assert.assertEquals(DD)V" type="java.lang.NoSuchMethodError">java.lang.NoSuchMethodError: org.testng.Assert.assertEquals(DD)V
	at com.CalculetteTest.add(CalculetteTest.java:9)
</failure>
    <system-out><![CDATA[[TestNGContentHandler] [WARN] It is strongly recommended to add "<!DOCTYPE suite SYSTEM "http://testng.org/testng-1.0.dtd" >" at the top of your file, otherwise TestNG may fail or not work as expected.
]]></system-out>
  </testcase>
  <testcase name="division" classname="com.CalculetteTest" time="0">
    <failure message="org.testng.Assert.assertEquals(DD)V" type="java.lang.NoSuchMethodError">java.lang.NoSuchMethodError: org.testng.Assert.assertEquals(DD)V
	at com.CalculetteTest.division(CalculetteTest.java:24)
</failure>
  </testcase>
  <testcase name="produit" classname="com.CalculetteTest" time="0">
    <failure message="org.testng.Assert.assertEquals(DD)V" type="java.lang.NoSuchMethodError">java.lang.NoSuchMethodError: org.testng.Assert.assertEquals(DD)V
	at com.CalculetteTest.produit(CalculetteTest.java:14)
</failure>
  </testcase>
  <testcase name="soustraire" classname="com.CalculetteTest" time="0.001">
    <failure message="org.testng.Assert.assertEquals(DD)V" type="java.lang.NoSuchMethodError">java.lang.NoSuchMethodError: org.testng.Assert.assertEquals(DD)V
	at com.CalculetteTest.soustraire(CalculetteTest.java:19)
</failure>
  </testcase>
</testsuite>