<?xml version="1.0" encoding="UTF-8"?>
<testng-results skipped="0" failed="0" ignored="0" total="4" passed="4">
  <reporter-output>
  </reporter-output>
  <suite name="Default suite" duration-ms="80" started-at="2020-07-20T17:07:11 BST" finished-at="2020-07-20T17:07:11 BST">
    <groups>
      <group name="test-group">
        <method signature="CalculetteTest.add()[pri:0, instance:com.CalculetteTest@5c5a1b69]" name="add" class="com.CalculetteTest"/>
        <method signature="CalculetteTest.soustraire()[pri:0, instance:com.CalculetteTest@5c5a1b69]" name="soustraire" class="com.CalculetteTest"/>
      </group> <!-- test-group -->
    </groups>
    <test name="Default test" duration-ms="80" started-at="2020-07-20T17:07:11 BST" finished-at="2020-07-20T17:07:11 BST">
      <class name="com.CalculetteTest">
        <test-method status="PASS" signature="add()[pri:0, instance:com.CalculetteTest@5c5a1b69]" name="add" duration-ms="16" started-at="2020-07-20T17:07:11 BST" finished-at="2020-07-20T17:07:11 BST">
          <reporter-output>
          </reporter-output>
        </test-method> <!-- add -->
        <test-method status="PASS" signature="division()[pri:0, instance:com.CalculetteTest@5c5a1b69]" name="division" duration-ms="4" started-at="2020-07-20T17:07:11 BST" finished-at="2020-07-20T17:07:11 BST">
          <reporter-output>
          </reporter-output>
        </test-method> <!-- division -->
        <test-method status="PASS" signature="produit()[pri:0, instance:com.CalculetteTest@5c5a1b69]" name="produit" duration-ms="1" started-at="2020-07-20T17:07:11 BST" finished-at="2020-07-20T17:07:11 BST">
          <reporter-output>
          </reporter-output>
        </test-method> <!-- produit -->
        <test-method status="PASS" signature="soustraire()[pri:0, instance:com.CalculetteTest@5c5a1b69]" name="soustraire" duration-ms="3" started-at="2020-07-20T17:07:11 BST" finished-at="2020-07-20T17:07:11 BST">
          <reporter-output>
          </reporter-output>
        </test-method> <!-- soustraire -->
      </class> <!-- com.CalculetteTest -->
    </test> <!-- Default test -->
  </suite> <!-- Default suite -->
</testng-results>
